Phizist/app/build/intermediates/manifest_merge_blame_file/debug/manifest-merger-blame-debug-report.txt
1<?xml version="1.0" encoding="utf-8"?>
2<manifest xmlns:android="http://schemas.android.com/apk/res/android"
3    package="com.example.phizist"
4    android:versionCode="1"
5    android:versionName="1.0" >
6
7    <uses-sdk
8        android:minSdkVersion="16"
8-->src\main\AndroidManifest.xml
9        android:targetSdkVersion="30" />
9-->src\main\AndroidManifest.xml
10
11    <uses-permission android:name="android.permission.VIBRATE" />
11-->src\main\AndroidManifest.xml:5:5-66
11-->src\main\AndroidManifest.xml:5:22-63
12
13    <application
13-->src\main\AndroidManifest.xml:7:5-31:19
14        android:allowBackup="true"
14-->src\main\AndroidManifest.xml:8:9-35
15        android:appComponentFactory="androidx.core.app.CoreComponentFactory"
15-->[androidx.core:core:1.5.0] AndroidManifest.xml:24:18-86
16        android:debuggable="true"
16-->src\main\AndroidManifest.xml:9:9-34
17        android:icon="@drawable/icon"
17-->src\main\AndroidManifest.xml:10:9-38
18        android:label="@string/app_name"
18-->src\main\AndroidManifest.xml:11:9-41
19        android:roundIcon="@drawable/icon"
19-->src\main\AndroidManifest.xml:12:9-43
20        android:supportsRtl="true"
20-->src\main\AndroidManifest.xml:13:9-35
21        android:testOnly="false"
21-->src\main\AndroidManifest.xml:14:9-33
22        android:theme="@style/Theme.Phizist" >
22-->src\main\AndroidManifest.xml:15:9-45
23        <activity android:name="com.example.phizist.MainActivity" >
23-->src\main\AndroidManifest.xml:16:9-22:20
23-->src\main\AndroidManifest.xml:16:19-47
24            <intent-filter>
24-->src\main\AndroidManifest.xml:17:13-21:29
25                <action android:name="android.intent.action.MAIN" />
25-->src\main\AndroidManifest.xml:18:17-69
25-->src\main\AndroidManifest.xml:18:25-66
26
27                <category android:name="android.intent.category.LAUNCHER" />
27-->src\main\AndroidManifest.xml:20:17-77
27-->src\main\AndroidManifest.xml:20:27-74
28            </intent-filter>
29        </activity>
30        <activity android:name="com.example.phizist.lorentz_check" />
30-->src\main\AndroidManifest.xml:23:9-51
30-->src\main\AndroidManifest.xml:23:19-48
31        <activity android:name="com.example.phizist.lorentz_fac" />
31-->src\main\AndroidManifest.xml:24:9-49
31-->src\main\AndroidManifest.xml:24:19-46
32        <activity android:name="com.example.phizist.spi_factor" />
32-->src\main\AndroidManifest.xml:25:9-48
32-->src\main\AndroidManifest.xml:25:19-45
33        <activity android:name="com.example.phizist.lorentzPractice" />
33-->src\main\AndroidManifest.xml:26:9-53
33-->src\main\AndroidManifest.xml:26:19-50
34
35        <meta-data
35-->src\main\AndroidManifest.xml:28:9-30:57
36            android:name="preloaded_fonts"
36-->src\main\AndroidManifest.xml:29:13-43
37            android:resource="@array/preloaded_fonts" />
37-->src\main\AndroidManifest.xml:30:13-54
38    </application>
39
40</manifest>